13/04/2015 00:00:12: In CleaningService::CleaningService()
13/04/2015 00:00:12: CleaningService init
13/04/2015 00:00:12: In CleaningService::createAutoCleaningTeam()
13/04/2015 00:00:12: In AutoClean::AutoClean()
13/04/2015 00:00:12: AutoCleaningTeam init
13/04/2015 00:00:12: In CleaningService::createAutoCleaningTeam()
13/04/2015 00:00:12: In CleaningService::createAutoCleaningTeam() - created 3 inside cleaning teams
13/04/2015 00:00:12: In CleaningService::cleaning()
13/04/2015 00:00:12: In CleaningService::cleaning() - car 222 wants to enter
13/04/2015 00:00:12: In CleaningService::cleaning() - car 222 is in queue
13/04/2015 00:00:12: In CleaningService::run()
13/04/2015 00:00:12: In CleaningService::run() - started running as a seperate thread
13/04/2015 00:00:12: In CleaningService::startServiceThreads()
13/04/2015 00:00:12: In CleaningService::startServiceThreads() - starting auto clean thread
13/04/2015 00:00:12: In CleaningService()::startServiceThreads() - creating thread for inside team: 1
13/04/2015 00:00:12: In AutoClean::run()
13/04/2015 00:00:12: AutoCleaningTeam - started execution as a seperate thread
13/04/2015 00:00:12: In CleaningService()::startServiceThreads() - created thread for inside team: 1
13/04/2015 00:00:12: In CleaningService()::startServiceThreads() - creating thread for inside team: 2
13/04/2015 00:00:12: In CleaningService()::startServiceThreads() - created thread for inside team: 2
13/04/2015 00:00:12: In CleaningService()::startServiceThreads() - creating thread for inside team: 3
13/04/2015 00:00:12: In CleaningService()::startServiceThreads() - created thread for inside team: 3
13/04/2015 00:00:12: In CleaningService::getNextCar() - car 222 is ready to be served
13/04/2015 00:00:12: In CleaningService::run() - sending car 222 to auto cleaning
13/04/2015 00:00:12: AutoCleaningTeam - car 222 Arrived
13/04/2015 00:00:12: In AutoClean::serveCar()
13/04/2015 00:00:12: In AutoClean::serveCar() - Auto clean car 222
13/04/2015 00:00:12: In CleaningService::cleaning()
13/04/2015 00:00:12: In CleaningService::cleaning() - car 111 wants to enter
13/04/2015 00:00:12: In CleaningService::cleaning() - car 111 is in queue
13/04/2015 00:00:12: In CleaningService::getNextCar() - car 111 is ready to be served
13/04/2015 00:00:12: In CleaningService::run() - sending car 111 to auto cleaning queue
13/04/2015 00:00:13: In CleaningService::cleaning()
13/04/2015 00:00:13: In CleaningService::cleaning() - car 444 wants to enter
13/04/2015 00:00:13: In CleaningService::cleaning() - car 444 is in queue
13/04/2015 00:00:13: In CleaningService::getNextCar() - car 444 is ready to be served
13/04/2015 00:00:13: In CleaningService::run() - sending car 444 to auto cleaning queue
13/04/2015 00:00:14: In AutoClean::serveCar() - Auto clean car 222 finished
13/04/2015 00:00:14: In CleaningService::autoCleanIsDone()
13/04/2015 00:00:14: In CleaningService::autoCleanIsDone() - car 222 finished the auto clean
13/04/2015 00:00:14: In CleaningService::run() - car 222 is added to inside cleaning queue
13/04/2015 00:00:14: In CleaningService::run() - sending car 111 to auto cleaning
13/04/2015 00:00:14: AutoCleaningTeam - car 111 Arrived
13/04/2015 00:00:14: In AutoClean::serveCar()
13/04/2015 00:00:14: In AutoClean::serveCar() - Auto clean car 111
13/04/2015 00:00:16: In AutoClean::serveCar() - Auto clean car 111 finished
13/04/2015 00:00:16: In CleaningService::autoCleanIsDone()
13/04/2015 00:00:16: In CleaningService::autoCleanIsDone() - car 111 finished the auto clean
13/04/2015 00:00:16: In CleaningService::run() - car 111 is added to inside cleaning queue
13/04/2015 00:00:16: In CleaningService::run() - sending car 444 to auto cleaning
13/04/2015 00:00:16: AutoCleaningTeam - car 444 Arrived
13/04/2015 00:00:16: In AutoClean::serveCar()
13/04/2015 00:00:16: In AutoClean::serveCar() - Auto clean car 444
13/04/2015 00:00:18: In AutoClean::serveCar() - Auto clean car 444 finished
13/04/2015 00:00:18: In CleaningService::autoCleanIsDone()
13/04/2015 00:00:18: In CleaningService::autoCleanIsDone() - car 444 finished the auto clean
13/04/2015 00:00:18: In CleaningService::run() - car 444 is added to inside cleaning queue
13/04/2015 00:00:23: In CleaningService::serveInsideClean() - there are 3 cars wating for inside cleaning
13/04/2015 00:00:23: In CleaningService::serveInsideClean() - sending car 222 to team 3
13/04/2015 00:00:23: In CleaningService::serveInsideClean() - there are 2 cars wating for inside cleaning
13/04/2015 00:00:23: In CleaningService::serveInsideClean() - sending car 111 to team 2
13/04/2015 00:00:23: In CleaningService::serveInsideClean() - there are 1 cars wating for inside cleaning
13/04/2015 00:00:23: In CleaningService::serveInsideClean() - sending car 444 to team 1
13/04/2015 00:00:23: In CleaningService::insideCleanIsDone()
13/04/2015 00:00:23: In CleaningService::insideCleanIsDone() - car 111 finished the inside clean
13/04/2015 00:00:23: In CleaningService::insideCleanIsDone()
13/04/2015 00:00:23: In CleaningService::insideCleanIsDone() - car 444 finished the inside clean
13/04/2015 00:00:23: In CleaningService::insideCleanIsDone()
13/04/2015 00:00:23: In CleaningService::insideCleanIsDone() - car 222 finished the inside clean
13/04/2015 00:01:23: In CleaningService::cleaning()
13/04/2015 00:01:23: In CleaningService::cleaning() - car 844 wants to enter
13/04/2015 00:01:23: In CleaningService::getNextCar() - car 844 is ready to be served
13/04/2015 00:01:23: In CleaningService::run() - sending car 844 to auto cleaning
13/04/2015 00:01:23: AutoCleaningTeam - car 844 Arrived
13/04/2015 00:01:23: In AutoClean::serveCar()
13/04/2015 00:01:23: In AutoClean::serveCar() - Auto clean car 844
13/04/2015 00:01:23: In CleaningService::cleaning() - car 844 is in queue
13/04/2015 00:01:25: In AutoClean::serveCar() - Auto clean car 844 finished
13/04/2015 00:01:25: In CleaningService::autoCleanIsDone()
13/04/2015 00:01:25: In CleaningService::autoCleanIsDone() - car 844 finished the auto clean
13/04/2015 00:01:25: In CleaningService::run() - car 844 is added to inside cleaning queue
13/04/2015 00:01:33: In CleaningService::serveInsideClean() - there are 1 cars wating for inside cleaning
13/04/2015 00:01:33: In CleaningService::serveInsideClean() - sending car 844 to team 3
13/04/2015 00:01:33: In CleaningService::insideCleanIsDone()
13/04/2015 00:01:33: In CleaningService::insideCleanIsDone() - car 844 finished the inside clean
13/04/2015 00:01:59: In CleaningService::cleaning()
13/04/2015 00:01:59: In CleaningService::cleaning() - car 136 wants to enter
13/04/2015 00:01:59: In CleaningService::cleaning() - car 136 is in queue
13/04/2015 00:01:59: In CleaningService::getNextCar() - car 136 is ready to be served
13/04/2015 00:01:59: In CleaningService::run() - sending car 136 to auto cleaning
13/04/2015 00:01:59: AutoCleaningTeam - car 136 Arrived
13/04/2015 00:01:59: In AutoClean::serveCar()
13/04/2015 00:01:59: In AutoClean::serveCar() - Auto clean car 136
13/04/2015 00:02:01: In AutoClean::serveCar() - Auto clean car 136 finished
13/04/2015 00:02:01: In CleaningService::autoCleanIsDone()
13/04/2015 00:02:01: In CleaningService::autoCleanIsDone() - car 136 finished the auto clean
13/04/2015 00:02:01: In CleaningService::run() - car 136 is added to inside cleaning queue
13/04/2015 00:02:09: In CleaningService::serveInsideClean() - there are 1 cars wating for inside cleaning
13/04/2015 00:02:09: In CleaningService::serveInsideClean() - sending car 136 to team 3
13/04/2015 00:02:09: In CleaningService::insideCleanIsDone()
13/04/2015 00:02:09: In CleaningService::insideCleanIsDone() - car 136 finished the inside clean
13/04/2015 00:02:19: In CleaningService::cleaning()
13/04/2015 00:02:19: In CleaningService::cleaning() - car 566 wants to enter
13/04/2015 00:02:19: In CleaningService::cleaning() - car 566 is in queue
13/04/2015 00:02:19: In CleaningService::getNextCar() - car 566 is ready to be served
13/04/2015 00:02:19: In CleaningService::run() - sending car 566 to auto cleaning
13/04/2015 00:02:19: AutoCleaningTeam - car 566 Arrived
13/04/2015 00:02:19: In AutoClean::serveCar()
13/04/2015 00:02:19: In AutoClean::serveCar() - Auto clean car 566
13/04/2015 00:02:21: In AutoClean::serveCar() - Auto clean car 566 finished
13/04/2015 00:02:21: In CleaningService::autoCleanIsDone()
13/04/2015 00:02:21: In CleaningService::autoCleanIsDone() - car 566 finished the auto clean
13/04/2015 00:02:21: In CleaningService::run() - car 566 is added to inside cleaning queue
13/04/2015 00:02:29: In CleaningService::serveInsideClean() - there are 1 cars wating for inside cleaning
13/04/2015 00:02:29: In CleaningService::serveInsideClean() - sending car 566 to team 3
13/04/2015 00:02:29: In CleaningService::insideCleanIsDone()
13/04/2015 00:02:29: In CleaningService::insideCleanIsDone() - car 566 finished the inside clean
13/04/2015 00:02:36: In CleaningService::closeCleaningService()
13/04/2015 00:02:39: In CleaningService::stopServiceThreads()
13/04/2015 00:02:39: AutoCleaningTeam - finished execution as a seperate thread
13/04/2015 00:02:39: In CleaningService::stopServiceThreads() - service threads finished
13/04/2015 00:02:39: In CleaningService::run() - Cleaning service is now closed
