13/04/2015 00:00:12: System init
13/04/2015 00:00:12: In GasStationMain::GasStationMain()
13/04/2015 00:00:12: In GasStationMain::run()
13/04/2015 00:00:12: In GasStationMain::run() - init the BlProxy
13/04/2015 00:00:12: BLProxy init
13/04/2015 00:00:12: In BLProxy()::blProxy()
13/04/2015 00:00:12: Created BLProxy object
13/04/2015 00:00:12: In BLProxy::getBlProxy()
13/04/2015 00:00:12: In BLProxy::runThread()
13/04/2015 00:00:12: In BLProxy:: Running the BL as a seperate thread
13/04/2015 00:00:12: GasStationsBL init
13/04/2015 00:00:12: In GasStationsBL()::GasStationsBL()
13/04/2015 00:00:12: In GasStationsBL()::init()
13/04/2015 00:00:12: GasStationBL created DAL proxy object
13/04/2015 00:00:12: DALProxy init
13/04/2015 00:00:12: In DalProxy()::DalProxy()
13/04/2015 00:00:12: Created DALProxy object
13/04/2015 00:00:12: In DalProxy::getDalProxy()
13/04/2015 00:00:12: In DalProxy::init()
13/04/2015 00:00:12: GasStationDAL init
13/04/2015 00:00:12: In GasStationDAL::GasStationDAL()
13/04/2015 00:00:12: In GasStationDAL::init()
13/04/2015 00:00:12: GasStationBL getting GasStation object from configuration file
13/04/2015 00:00:12: In DalProxy::getGasStationFromConfiguration()
13/04/2015 00:00:12: In GasStationDAL::loadConfiguration()
13/04/2015 00:00:12: GasStation init
13/04/2015 00:00:12: In GasStation()::GasStation()
13/04/2015 00:00:12: MainFuelPool init
13/04/2015 00:00:12: In MainFuelPool()::MainFuelPool()
13/04/2015 00:00:12: In MainFuelPool()::MainFuelPool() - current capacity: 220
13/04/2015 00:00:12: In MainFuelPool()::MainFuelPool() - max capacity: 500
13/04/2015 00:00:12: In MainFuelPool::attach() - attched new fueling observer
13/04/2015 00:00:12: In MainFuelPool::attach() - attched new fueling observer
13/04/2015 00:00:12: In MainFuelPool::attach() - attched new fueling observer
13/04/2015 00:00:12: In MainFuelPool::attach() - attched new fueling observer
13/04/2015 00:00:12: In GasStation()::setCleaningService()
13/04/2015 00:00:12: GasStation::addCar()
13/04/2015 00:00:12: Car id :111 Want Cleaning :true
13/04/2015 00:00:12: Num of Liters :47 Pump :2
13/04/2015 00:00:12: GasStation::addCar()
13/04/2015 00:00:12: Car id :333 Want Cleaning :false
13/04/2015 00:00:12: Num of Liters :42 Pump :1
13/04/2015 00:00:12: GasStation::addCar()
13/04/2015 00:00:12: Car id :222 Want Cleaning :true
13/04/2015 00:00:12: GasStation::addCar()
13/04/2015 00:00:12: Car id :444 Want Cleaning :true
13/04/2015 00:00:12: Num of Liters :35 Pump :1
13/04/2015 00:00:12: GasStationBL the GasStation object was created
13/04/2015 00:00:12: GasStationBL: there are 4 cars in the station
13/04/2015 00:00:12: GasStationBL: there are 4 pumps in the station
13/04/2015 00:00:12: In GasStationsBL::run()
13/04/2015 00:00:12: In GasStationMain::run() - init the UI
13/04/2015 00:00:12: GasStationBL began execution as seprate thread (id = 10)
13/04/2015 00:00:12: In GasStationBL::run() - executing the GasStation object in a seperate thread 
13/04/2015 00:00:12: In GasStation()::run()
13/04/2015 00:00:12: BLProxy object already exists
13/04/2015 00:00:12: In GasStation()::run() -  Started running as a separate thread
13/04/2015 00:00:12: In BLProxy::getBlProxy()
13/04/2015 00:00:12: In GasStation()::activatePumps()
13/04/2015 00:00:12: In BLProxy()::getMainFuelPool()
13/04/2015 00:00:12: In GasStation()::activatePumps() - creating thread pool for 4 pumps
13/04/2015 00:00:12: In BLProxy():: Got main fuel pool request
13/04/2015 00:00:12: In GasStation()::activatePumps() - creating thread for pump: 1
13/04/2015 00:00:12: In GasStationsBL()::getMainFuelPool()
13/04/2015 00:00:12: In GasStationsBL():: Got main fuel pool request
13/04/2015 00:00:12: ConsoleUI init
13/04/2015 00:00:12: In ConsoleUI()::ConsoleUI()
13/04/2015 00:00:12: In ConsoleUI()::init()
13/04/2015 00:00:12: In ConsoleUI()::init() -  running  the UI as a separate thread
13/04/2015 00:00:12: In GasStation()::activatePumps() - created thread for pump: 1
13/04/2015 00:00:12: In GasStation()::activatePumps() - creating thread for pump: 2
13/04/2015 00:00:12: In GasStation()::activatePumps() - created thread for pump: 2
13/04/2015 00:00:12: In GasStation()::activatePumps() - creating thread for pump: 3
13/04/2015 00:00:12: In GasStation()::activatePumps() - created thread for pump: 3
13/04/2015 00:00:12: In GasStation()::activatePumps() - creating thread for pump: 4
13/04/2015 00:00:12: In GasStation()::activatePumps() - created thread for pump: 4
13/04/2015 00:00:12: In GasStation()::activateCleaningService()
13/04/2015 00:00:12: In GasStation()::run() - sendind car 111 to fueling
13/04/2015 00:00:12: In GasStation()::run() - car 111 was added to handling queue
13/04/2015 00:00:12: In GasStation()::run() - sendind car 333 to fueling
13/04/2015 00:00:12: In GasStation()::run() - sendind car 222 to cleaning
13/04/2015 00:00:12: In GasStation()::run() - sendind car 444 to fueling
13/04/2015 00:00:12: In GasStation()::run() - car 444 was added to handling queue
13/04/2015 00:00:12: In ConsoleUI()::run()
13/04/2015 00:00:12: In ConsoleUI()::run() -  Started running as a separate thread
13/04/2015 00:00:12: BLProxy object already exists
13/04/2015 00:00:12: In BLProxy::getBlProxy()
13/04/2015 00:00:12: In GasStation()::run() - car 111 was removed from handling queue
13/04/2015 00:00:12: In GasStation()::run() - sending car 111 to cleaning
13/04/2015 00:00:13: In MainFuelPool::getGas() - send exception
13/04/2015 00:00:13: In MainFuelPool::getGas() - current: 96 max: 500
13/04/2015 00:00:13: In GasStation()::run() - car 444 was removed from handling queue
13/04/2015 00:00:13: In GasStation()::run() - sending car 444 to cleaning
13/04/2015 00:00:16: In BLProxy()::getGasStationStatistics()
13/04/2015 00:00:16: In BLProxy():: Got statistics request
13/04/2015 00:00:16: In GasStationsBL()::getGasStationStatistics()
13/04/2015 00:00:16: In GasStationsBL():: Got statistics request
13/04/2015 00:00:18: In BLProxy()::getGasStationStatistics()
13/04/2015 00:00:18: In BLProxy():: Got statistics request
13/04/2015 00:00:18: In GasStationsBL()::getGasStationStatistics()
13/04/2015 00:00:18: In GasStationsBL():: Got statistics request
13/04/2015 00:00:19: In BLProxy()::getGasStationStatistics()
13/04/2015 00:00:19: In BLProxy():: Got statistics request
13/04/2015 00:00:19: In GasStationsBL()::getGasStationStatistics()
13/04/2015 00:00:19: In GasStationsBL():: Got statistics request
13/04/2015 00:00:21: In BLProxy()::getGasStationStatistics()
13/04/2015 00:00:21: In BLProxy():: Got statistics request
13/04/2015 00:00:21: In GasStationsBL()::getGasStationStatistics()
13/04/2015 00:00:21: In GasStationsBL():: Got statistics request
13/04/2015 00:00:22: In BLProxy()::getGasStationStatistics()
13/04/2015 00:00:22: In BLProxy():: Got statistics request
13/04/2015 00:00:22: In GasStationsBL()::getGasStationStatistics()
13/04/2015 00:00:22: In GasStationsBL():: Got statistics request
13/04/2015 00:00:24: In BLProxy()::getGasStationStatistics()
13/04/2015 00:00:24: In BLProxy():: Got statistics request
13/04/2015 00:00:24: In GasStationsBL()::getGasStationStatistics()
13/04/2015 00:00:24: In GasStationsBL():: Got statistics request
13/04/2015 00:00:43: In BLProxy()::getGasStationStatistics()
13/04/2015 00:00:43: In BLProxy():: Got statistics request
13/04/2015 00:00:43: In GasStationsBL()::getGasStationStatistics()
13/04/2015 00:00:43: In GasStationsBL():: Got statistics request
13/04/2015 00:00:56: In BLProxy()::addFuelToMainPool()
13/04/2015 00:00:56: In BLProxy():: Got fuel addition request
13/04/2015 00:00:56: In GasStationsBL()::addFuelToMainPool()
13/04/2015 00:00:56: In GasStationsBL():: Got fuel addition request
13/04/2015 00:00:56: In GasStation()::addFuelToMainPool()
13/04/2015 00:00:56: In MainFuelPool()::fullGas() - Liters: 200
13/04/2015 00:00:56: In MainFuelPool()::fullGas() - Notifying observers that the pool is being fueled
13/04/2015 00:00:56: In MainFuelPool::notifyAllObserversFuelingStarted()
13/04/2015 00:00:56: In MainFuelPool::fullGas() - pool is fueling for 29 ms
13/04/2015 00:00:56: In MainFuelPool::fullGas() - pool is fueled
13/04/2015 00:00:56: In MainFuelPool()::fullGas() - Notifying observers that the pool is fueled
13/04/2015 00:00:56: In MainFuelPool::notifyAllObserversFuelingFinished()
13/04/2015 00:01:00: In BLProxy()::getNumOfPumps()
13/04/2015 00:01:00: In BLProxy():: Got num of pumps request
13/04/2015 00:01:00: In GasStationsBL()::getNumOfPumps()
13/04/2015 00:01:00: In GasStationsBL():: Got num of pumps request
13/04/2015 00:01:00: In BLProxy()::addCar()
13/04/2015 00:01:00: In BLProxy():: Got car addition request
13/04/2015 00:01:00: In GasStationsBL()::addCar()
13/04/2015 00:01:00: In GasStationsBL():: Got car addition request
13/04/2015 00:01:00: GasStation::addCar()
13/04/2015 00:01:00: Car id :136 Want Cleaning :false
13/04/2015 00:01:00: Num of Liters :44 Pump :4
13/04/2015 00:01:00: In GasStation()::run() - sendind car 136 to fueling
13/04/2015 00:01:02: In BLProxy()::getNumOfPumps()
13/04/2015 00:01:02: In BLProxy():: Got num of pumps request
13/04/2015 00:01:02: In GasStationsBL()::getNumOfPumps()
13/04/2015 00:01:02: In GasStationsBL():: Got num of pumps request
13/04/2015 00:01:02: In BLProxy()::addCar()
13/04/2015 00:01:02: In BLProxy():: Got car addition request
13/04/2015 00:01:02: In GasStationsBL()::addCar()
13/04/2015 00:01:02: In GasStationsBL():: Got car addition request
13/04/2015 00:01:02: GasStation::addCar()
13/04/2015 00:01:02: Car id :615 Want Cleaning :false
13/04/2015 00:01:02: Num of Liters :48 Pump :2
13/04/2015 00:01:02: In GasStation()::run() - sendind car 615 to fueling
13/04/2015 00:01:04: In BLProxy()::getGasStationStatistics()
13/04/2015 00:01:04: In BLProxy():: Got statistics request
13/04/2015 00:01:04: In GasStationsBL()::getGasStationStatistics()
13/04/2015 00:01:04: In GasStationsBL():: Got statistics request
13/04/2015 00:01:06: In BLProxy()::getNumOfPumps()
13/04/2015 00:01:06: In BLProxy():: Got num of pumps request
13/04/2015 00:01:06: In GasStationsBL()::getNumOfPumps()
13/04/2015 00:01:06: In GasStationsBL():: Got num of pumps request
13/04/2015 00:01:06: In BLProxy()::addCar()
13/04/2015 00:01:06: In BLProxy():: Got car addition request
13/04/2015 00:01:06: In GasStationsBL()::addCar()
13/04/2015 00:01:06: In GasStationsBL():: Got car addition request
13/04/2015 00:01:06: GasStation::addCar()
13/04/2015 00:01:06: Car id :320 Want Cleaning :false
13/04/2015 00:01:06: In GasStation()::run() - sendind car 320 to fueling
13/04/2015 00:01:06: Num of Liters :26 Pump :4
13/04/2015 00:01:09: In BLProxy()::getNumOfPumps()
13/04/2015 00:01:09: In BLProxy():: Got num of pumps request
13/04/2015 00:01:09: In GasStationsBL()::getNumOfPumps()
13/04/2015 00:01:09: In GasStationsBL():: Got num of pumps request
13/04/2015 00:01:09: In BLProxy()::addCar()
13/04/2015 00:01:09: In BLProxy():: Got car addition request
13/04/2015 00:01:09: In GasStationsBL()::addCar()
13/04/2015 00:01:09: In GasStationsBL():: Got car addition request
13/04/2015 00:01:09: GasStation::addCar()
13/04/2015 00:01:09: In GasStation()::run() - sendind car 339 to fueling
13/04/2015 00:01:09: Car id :339 Want Cleaning :false
13/04/2015 00:01:09: Num of Liters :49 Pump :2
13/04/2015 00:01:11: In BLProxy()::getNumOfPumps()
13/04/2015 00:01:11: In BLProxy():: Got num of pumps request
13/04/2015 00:01:11: In GasStationsBL()::getNumOfPumps()
13/04/2015 00:01:11: In GasStationsBL():: Got num of pumps request
13/04/2015 00:01:11: In BLProxy()::addCar()
13/04/2015 00:01:11: In BLProxy():: Got car addition request
13/04/2015 00:01:11: In GasStationsBL()::addCar()
13/04/2015 00:01:11: In GasStationsBL():: Got car addition request
13/04/2015 00:01:11: GasStation::addCar()
13/04/2015 00:01:11: In GasStation()::run() - sendind car 546 to fueling
13/04/2015 00:01:11: Car id :546 Want Cleaning :false
13/04/2015 00:01:11: Num of Liters :6 Pump :2
13/04/2015 00:01:14: In BLProxy()::getNumOfPumps()
13/04/2015 00:01:14: In BLProxy():: Got num of pumps request
13/04/2015 00:01:14: In GasStationsBL()::getNumOfPumps()
13/04/2015 00:01:14: In GasStationsBL():: Got num of pumps request
13/04/2015 00:01:14: In BLProxy()::addCar()
13/04/2015 00:01:14: In BLProxy():: Got car addition request
13/04/2015 00:01:14: In GasStationsBL()::addCar()
13/04/2015 00:01:14: In GasStationsBL():: Got car addition request
13/04/2015 00:01:14: GasStation::addCar()
13/04/2015 00:01:14: Car id :453 Want Cleaning :false
13/04/2015 00:01:14: Num of Liters :31 Pump :1
13/04/2015 00:01:14: In GasStation()::run() - sendind car 453 to fueling
13/04/2015 00:01:14: In MainFuelPool::getGas() - send exception
13/04/2015 00:01:14: In MainFuelPool::getGas() - current: 92 max: 500
13/04/2015 00:01:16: In BLProxy()::getGasStationStatistics()
13/04/2015 00:01:16: In BLProxy():: Got statistics request
13/04/2015 00:01:16: In GasStationsBL()::getGasStationStatistics()
13/04/2015 00:01:16: In GasStationsBL():: Got statistics request
13/04/2015 00:01:22: In BLProxy()::getNumOfPumps()
13/04/2015 00:01:22: In BLProxy():: Got num of pumps request
13/04/2015 00:01:22: In GasStationsBL()::getNumOfPumps()
13/04/2015 00:01:22: In GasStationsBL():: Got num of pumps request
13/04/2015 00:01:22: In BLProxy()::addCar()
13/04/2015 00:01:22: In BLProxy():: Got car addition request
13/04/2015 00:01:22: In GasStationsBL()::addCar()
13/04/2015 00:01:22: In GasStationsBL():: Got car addition request
13/04/2015 00:01:22: GasStation::addCar()
13/04/2015 00:01:22: Car id :844 Want Cleaning :true
13/04/2015 00:01:22: Num of Liters :5 Pump :3
13/04/2015 00:01:22: In GasStation()::run() - sendind car 844 to fueling
13/04/2015 00:01:22: In GasStation()::run() - car 844 was added to handling queue
13/04/2015 00:01:22: In MainFuelPool::getGas() - send exception
13/04/2015 00:01:22: In MainFuelPool::getGas() - current: 87 max: 500
13/04/2015 00:01:23: In GasStation()::run() - car 844 was removed from handling queue
13/04/2015 00:01:23: In GasStation()::run() - sending car 844 to cleaning
13/04/2015 00:01:46: In BLProxy()::getGasStationStatistics()
13/04/2015 00:01:46: In BLProxy():: Got statistics request
13/04/2015 00:01:46: In GasStationsBL()::getGasStationStatistics()
13/04/2015 00:01:46: In GasStationsBL():: Got statistics request
13/04/2015 00:01:48: In BLProxy()::getGasStationStatistics()
13/04/2015 00:01:48: In BLProxy():: Got statistics request
13/04/2015 00:01:48: In GasStationsBL()::getGasStationStatistics()
13/04/2015 00:01:48: In GasStationsBL():: Got statistics request
13/04/2015 00:01:59: In BLProxy()::getNumOfPumps()
13/04/2015 00:01:59: In BLProxy():: Got num of pumps request
13/04/2015 00:01:59: In GasStationsBL()::getNumOfPumps()
13/04/2015 00:01:59: In GasStationsBL():: Got num of pumps request
13/04/2015 00:01:59: In BLProxy()::addCar()
13/04/2015 00:01:59: In BLProxy():: Got car addition request
13/04/2015 00:01:59: In GasStationsBL()::addCar()
13/04/2015 00:01:59: In GasStationsBL():: Got car addition request
13/04/2015 00:01:59: GasStation::addCar()
13/04/2015 00:01:59: Car id :136 Want Cleaning :true
13/04/2015 00:01:59: Num of Liters :45 Pump :4
13/04/2015 00:01:59: In GasStation()::run() - sendind car 136 to fueling
13/04/2015 00:01:59: In GasStation()::run() - car 136 was added to handling queue
13/04/2015 00:01:59: In MainFuelPool::getGas() - send exception
13/04/2015 00:01:59: In MainFuelPool::getGas() - current: 42 max: 500
13/04/2015 00:01:59: In GasStation()::run() - car 136 was removed from handling queue
13/04/2015 00:01:59: In GasStation()::run() - sending car 136 to cleaning
13/04/2015 00:02:00: In BLProxy()::getGasStationStatistics()
13/04/2015 00:02:00: In BLProxy():: Got statistics request
13/04/2015 00:02:00: In GasStationsBL()::getGasStationStatistics()
13/04/2015 00:02:00: In GasStationsBL():: Got statistics request
13/04/2015 00:02:03: In BLProxy()::getGasStationStatistics()
13/04/2015 00:02:03: In BLProxy():: Got statistics request
13/04/2015 00:02:03: In GasStationsBL()::getGasStationStatistics()
13/04/2015 00:02:03: In GasStationsBL():: Got statistics request
13/04/2015 00:02:04: In BLProxy()::getGasStationStatistics()
13/04/2015 00:02:04: In BLProxy():: Got statistics request
13/04/2015 00:02:04: In GasStationsBL()::getGasStationStatistics()
13/04/2015 00:02:04: In GasStationsBL():: Got statistics request
13/04/2015 00:02:06: In BLProxy()::getGasStationStatistics()
13/04/2015 00:02:06: In BLProxy():: Got statistics request
13/04/2015 00:02:06: In GasStationsBL()::getGasStationStatistics()
13/04/2015 00:02:06: In GasStationsBL():: Got statistics request
13/04/2015 00:02:07: In BLProxy()::getGasStationStatistics()
13/04/2015 00:02:07: In BLProxy():: Got statistics request
13/04/2015 00:02:07: In GasStationsBL()::getGasStationStatistics()
13/04/2015 00:02:07: In GasStationsBL():: Got statistics request
13/04/2015 00:02:08: In BLProxy()::getGasStationStatistics()
13/04/2015 00:02:08: In BLProxy():: Got statistics request
13/04/2015 00:02:08: In GasStationsBL()::getGasStationStatistics()
13/04/2015 00:02:08: In GasStationsBL():: Got statistics request
13/04/2015 00:02:19: In BLProxy()::getNumOfPumps()
13/04/2015 00:02:19: In BLProxy():: Got num of pumps request
13/04/2015 00:02:19: In GasStationsBL()::getNumOfPumps()
13/04/2015 00:02:19: In GasStationsBL():: Got num of pumps request
13/04/2015 00:02:19: In BLProxy()::addCar()
13/04/2015 00:02:19: In BLProxy():: Got car addition request
13/04/2015 00:02:19: In GasStationsBL()::addCar()
13/04/2015 00:02:19: In GasStationsBL():: Got car addition request
13/04/2015 00:02:19: GasStation::addCar()
13/04/2015 00:02:19: Car id :566 Want Cleaning :true
13/04/2015 00:02:19: In GasStation()::run() - sendind car 566 to cleaning
13/04/2015 00:02:22: In BLProxy()::getGasStationStatistics()
13/04/2015 00:02:22: In BLProxy():: Got statistics request
13/04/2015 00:02:22: In GasStationsBL()::getGasStationStatistics()
13/04/2015 00:02:22: In GasStationsBL():: Got statistics request
13/04/2015 00:02:26: In BLProxy()::addFuelToMainPool()
13/04/2015 00:02:26: In BLProxy():: Got fuel addition request
13/04/2015 00:02:26: In GasStationsBL()::addFuelToMainPool()
13/04/2015 00:02:26: In GasStationsBL():: Got fuel addition request
13/04/2015 00:02:26: In GasStation()::addFuelToMainPool()
13/04/2015 00:02:26: In MainFuelPool()::fullGas() - Liters: 200
13/04/2015 00:02:26: In MainFuelPool()::fullGas() - Notifying observers that the pool is being fueled
13/04/2015 00:02:26: In MainFuelPool::notifyAllObserversFuelingStarted()
13/04/2015 00:02:26: In MainFuelPool::fullGas() - pool is fueling for 112 ms
13/04/2015 00:02:26: In MainFuelPool::fullGas() - pool is fueled
13/04/2015 00:02:26: In MainFuelPool()::fullGas() - Notifying observers that the pool is fueled
13/04/2015 00:02:26: In MainFuelPool::notifyAllObserversFuelingFinished()
13/04/2015 00:02:28: In BLProxy()::getGasStationStatistics()
13/04/2015 00:02:28: In BLProxy():: Got statistics request
13/04/2015 00:02:28: In GasStationsBL()::getGasStationStatistics()
13/04/2015 00:02:28: In GasStationsBL():: Got statistics request
13/04/2015 00:02:30: In BLProxy()::getGasStationStatistics()
13/04/2015 00:02:30: In BLProxy():: Got statistics request
13/04/2015 00:02:30: In GasStationsBL()::getGasStationStatistics()
13/04/2015 00:02:30: In GasStationsBL():: Got statistics request
13/04/2015 00:02:31: In BLProxy()::getGasStationStatistics()
13/04/2015 00:02:31: In BLProxy():: Got statistics request
13/04/2015 00:02:31: In GasStationsBL()::getGasStationStatistics()
13/04/2015 00:02:31: In GasStationsBL():: Got statistics request
13/04/2015 00:02:35: In BLProxy()::getGasStationStatistics()
13/04/2015 00:02:35: In BLProxy():: Got statistics request
13/04/2015 00:02:35: In GasStationsBL()::getGasStationStatistics()
13/04/2015 00:02:35: In GasStationsBL():: Got statistics request
13/04/2015 00:02:36: In BLProxy()::closeGasStation()
13/04/2015 00:02:36: In BLProxy():: Got gas station closing request
13/04/2015 00:02:36: In GasStationsBL()::closeGasStation()
13/04/2015 00:02:36: In GasStationsBL():: Got gas station closing request
13/04/2015 00:02:36: In BLProxy()::getGasStationStatistics()
13/04/2015 00:02:36: In BLProxy():: Got statistics request
13/04/2015 00:02:36: In GasStationsBL()::getGasStationStatistics()
13/04/2015 00:02:36: In GasStationsBL():: Got statistics request
13/04/2015 00:02:36: In BLProxy()::closeGasStation()
13/04/2015 00:02:36: In BLProxy():: Got gas station closing request
13/04/2015 00:02:36: In GasStationsBL()::closeGasStation()
13/04/2015 00:02:36: In GasStationsBL():: Got gas station closing request
13/04/2015 00:02:36: In GasStation()::run() -  Thread is closing
13/04/2015 00:02:36: In GasStation()::deactivatePumps()
13/04/2015 00:02:36: In GasStation()::deactivatePumps() - sending close command to the pumps
13/04/2015 00:02:36: In GasStation()::deactivateCleaningService()
13/04/2015 00:02:39: In GasStation()::run() -  Thread is closing
13/04/2015 00:02:39: In GasStationBL::run() -  Gas station thread finished executing
13/04/2015 00:02:39: In GasStationMain::run() - all threads finished
